<?xml version="1.0" encoding="UTF-8"?>
<!-- Generated by org.testng.reporters.JUnitReportReporter -->
<testsuite hostname="Sumit-PC" failures="0" tests="1" name="ClassByMPJTech.Class06" time="16.063" errors="0" timestamp="2021-07-25T12:19:39 EDT" skipped="0">
  <testcase classname="ClassByMPJTech.Class06" name="practice06" time="16.063"/>
  <system-out/>
</testsuite> <!-- ClassByMPJTech.Class06 -->
