<?xml version="1.0" encoding="UTF-8"?>
<!-- Generated by org.testng.reporters.JUnitReportReporter -->
<testsuite hostname="Sumit-PC" failures="0" tests="10" name="ClassByMPJTech.Class10" time="18.552" errors="0" timestamp="2021-08-04T22:43:40 EDT" skipped="0">
  <testcase classname="ClassByMPJTech.Class10" name="openurl" time="2.947"/>
  <system-out/>
  <testcase classname="ClassByMPJTech.Class10" name="signin" time="1.199"/>
  <system-out/>
  <testcase classname="ClassByMPJTech.Class10" name="enteremailaddress" time="0.361"/>
  <system-out/>
  <testcase classname="ClassByMPJTech.Class10" name="enteremailaddress" time="0.261"/>
  <system-out/>
  <testcase classname="ClassByMPJTech.Class10" name="enteremailaddress" time="0.311"/>
  <system-out/>
  <testcase classname="ClassByMPJTech.Class10" name="clicksubmit" time="0.095"/>
  <system-out/>
  <testcase classname="ClassByMPJTech.Class10" name="personalinfo" time="2.652"/>
  <system-out/>
  <testcase classname="ClassByMPJTech.Class10" name="selectdays" time="10.378"/>
  <system-out/>
  <testcase classname="ClassByMPJTech.Class10" name="company" time="0.135"/>
  <system-out/>
  <testcase classname="ClassByMPJTech.Class10" name="mobilephone" time="0.213"/>
  <system-out/>
</testsuite> <!-- ClassByMPJTech.Class10 -->
