<?xml version="1.0" encoding="UTF-8"?>
<!-- Generated by org.testng.reporters.JUnitReportReporter -->
<testsuite hostname="Sumit-PC" failures="0" tests="1" name="ClassByMPJTech.Class14" time="15.745" errors="0" timestamp="2021-08-05T19:54:26 EDT" skipped="0">
  <testcase classname="ClassByMPJTech.Class14" name="frame" time="15.745"/>
  <system-out/>
</testsuite> <!-- ClassByMPJTech.Class14 -->
