<?xml version="1.0" encoding="UTF-8"?>
<!-- Generated by org.testng.reporters.JUnitReportReporter -->
<testsuite hostname="Sumit-PC" failures="0" tests="1" name="ClassByMPJTech.Class15" time="11.773" errors="0" timestamp="2021-08-06T20:28:53 EDT" skipped="0">
  <testcase classname="ClassByMPJTech.Class15" name="frame" time="11.773"/>
  <system-out/>
</testsuite> <!-- ClassByMPJTech.Class15 -->
